<?xml version="1.0" encoding="UTF-8"?>
<testng-results ignored="0" total="1" passed="1" failed="0" skipped="0">
  <reporter-output>
    <line>
      <![CDATA[Browser is launched]]>
    </line>
    <line>
      <![CDATA[Window is maximized]]>
    </line>
    <line>
      <![CDATA[Navigated to application]]>
    </line>
    <line>
      <![CDATA[Clicked on Register button]]>
    </line>
    <line>
      <![CDATA[Clicked on Radio button]]>
    </line>
    <line>
      <![CDATA[Succesfully entered firstName]]>
    </line>
    <line>
      <![CDATA[Succesfully entered lastName]]>
    </line>
    <line>
      <![CDATA[Succesfully entered Email]]>
    </line>
    <line>
      <![CDATA[Succesfully entered Password]]>
    </line>
    <line>
      <![CDATA[Succesfully entered ConfirmPassword]]>
    </line>
    <line>
      <![CDATA[Succesfully Logged in to the application]]>
    </line>
    <line>
      <![CDATA[Logged out from application]]>
    </line>
    <line>
      <![CDATA[Quitted the browser]]>
    </line>
  </reporter-output>
  <suite started-at="2022-08-10T12:18:23 IST" name="Default suite" finished-at="2022-08-10T12:18:33 IST" duration-ms="9563">
    <groups>
    </groups>
    <test started-at="2022-08-10T12:18:23 IST" name="Default test" finished-at="2022-08-10T12:18:33 IST" duration-ms="9563">
      <class name="register.TC_DWS_04_Test">
        <test-method is-config="true" signature="launchBrowser()[pri:0, instance:register.TC_DWS_04_Test@4b8ee4de]" started-at="2022-08-10T12:18:18 IST" name="launchBrowser" finished-at="2022-08-10T12:18:23 IST" duration-ms="5488" status="PASS">
          <reporter-output>
            <line>
              <![CDATA[Browser is launched]]>
            </line>
            <line>
              <![CDATA[Window is maximized]]>
            </line>
          </reporter-output>
        </test-method> <!-- launchBrowser -->
        <test-method is-config="true" signature="NavigatingToApplication()[pri:0, instance:register.TC_DWS_04_Test@4b8ee4de]" started-at="2022-08-10T12:18:23 IST" name="NavigatingToApplication" finished-at="2022-08-10T12:18:29 IST" duration-ms="5689" status="PASS">
          <reporter-output>
            <line>
              <![CDATA[Navigated to application]]>
            </line>
          </reporter-output>
        </test-method> <!-- NavigatingToApplication -->
        <test-method signature="Validate_Register_valid_credentials()[pri:0, instance:register.TC_DWS_04_Test@4b8ee4de]" started-at="2022-08-10T12:18:29 IST" name="Validate_Register_valid_credentials" finished-at="2022-08-10T12:18:33 IST" duration-ms="3809" status="PASS">
          <reporter-output>
            <line>
              <![CDATA[Clicked on Register button]]>
            </line>
            <line>
              <![CDATA[Clicked on Radio button]]>
            </line>
            <line>
              <![CDATA[Succesfully entered firstName]]>
            </line>
            <line>
              <![CDATA[Succesfully entered lastName]]>
            </line>
            <line>
              <![CDATA[Succesfully entered Email]]>
            </line>
            <line>
              <![CDATA[Succesfully entered Password]]>
            </line>
            <line>
              <![CDATA[Succesfully entered ConfirmPassword]]>
            </line>
            <line>
              <![CDATA[Succesfully Logged in to the application]]>
            </line>
          </reporter-output>
        </test-method> <!-- Validate_Register_valid_credentials -->
        <test-method is-config="true" signature="logoutOperation(org.testng.ITestResult)[pri:0, instance:register.TC_DWS_04_Test@4b8ee4de]" started-at="2022-08-10T12:18:33 IST" name="logoutOperation" finished-at="2022-08-10T12:18:33 IST" duration-ms="5" status="PASS">
          <params>
            <param index="0">
              <value>
                <![CDATA[[TestResult name=Validate_Register_valid_credentials status=SUCCESS method=TC_DWS_04_Test.Validate_Register_valid_credentials()[pri:0, instance:register.TC_DWS_04_Test@4b8ee4de] output=Clicked on Register button]]]>
              </value>
            </param>
          </params>
          <reporter-output>
            <line>
              <![CDATA[Logged out from application]]>
            </line>
          </reporter-output>
        </test-method> <!-- logoutOperation -->
        <test-method is-config="true" signature="tearDownTheBrowser()[pri:0, instance:register.TC_DWS_04_Test@4b8ee4de]" started-at="2022-08-10T12:18:33 IST" name="tearDownTheBrowser" finished-at="2022-08-10T12:18:33 IST" duration-ms="334" status="PASS">
          <reporter-output>
            <line>
              <![CDATA[Quitted the browser]]>
            </line>
          </reporter-output>
        </test-method> <!-- tearDownTheBrowser -->
      </class> <!-- register.TC_DWS_04_Test -->
    </test> <!-- Default test -->
  </suite> <!-- Default suite -->
</testng-results>
