<?xml version="1.0" encoding="UTF-8"?>
<!-- Generated by org.testng.reporters.JUnitXMLReporter -->
<testsuite ignored="0" hostname="DESKTOP-B5SFVJU" failures="0" tests="4" name="SMOKETest" time="213.13" errors="0" timestamp="2022-08-03T07:50:53 IST">
  <testcase classname="mavenDEMO.tc1_Test" name="deo" time="86.016"/>
  <testcase classname="mavenDEMO.tc3_Test" name="deo" time="41.398"/>
  <testcase classname="mavenDEMO.tc2_Test" name="Demo" time="27.476"/>
  <testcase classname="mavenDEMO.tc4_Test" name="Demo" time="58.115"/>
</testsuite> <!-- SMOKETest -->
